2024-09-01 00:48:15,133 CRIT Supervisor is running as root.  Privileges were not dropped because no user is specified in the config file.  If you intend to run as root, you can set user=root in the config file to avoid this message.
2024-09-01 00:48:15,135 INFO supervisord started with pid 9
2024-09-01 00:48:16,138 INFO spawned: 'nextjs' with pid 10
2024-09-01 00:48:16,704 WARN exited: nextjs (exit status 254; not expected)
2024-09-01 00:48:17,707 INFO spawned: 'nextjs' with pid 21
2024-09-01 00:48:18,308 WARN exited: nextjs (exit status 254; not expected)
2024-09-01 00:48:20,311 INFO spawned: 'nextjs' with pid 32
2024-09-01 00:48:20,841 WARN exited: nextjs (exit status 254; not expected)
2024-09-01 00:48:23,844 INFO spawned: 'nextjs' with pid 43
2024-09-01 00:48:24,390 WARN exited: nextjs (exit status 254; not expected)
2024-09-01 00:48:25,392 INFO gave up: nextjs entered FATAL state, too many start retries too quickly
2024-09-01 01:00:06,913 CRIT Supervisor is running as root.  Privileges were not dropped because no user is specified in the config file.  If you intend to run as root, you can set user=root in the config file to avoid this message.
2024-09-01 01:00:06,916 INFO supervisord started with pid 8
2024-09-01 01:00:07,917 INFO spawnerr: can't find command '/usr/local/bin/next'
2024-09-01 01:00:08,919 INFO spawnerr: can't find command '/usr/local/bin/next'
2024-09-01 01:00:10,921 INFO spawnerr: can't find command '/usr/local/bin/next'
2024-09-01 01:00:13,925 INFO spawnerr: can't find command '/usr/local/bin/next'
2024-09-01 01:00:13,938 INFO gave up: nextjs entered FATAL state, too many start retries too quickly
2024-09-01 01:04:22,129 CRIT Supervisor is running as root.  Privileges were not dropped because no user is specified in the config file.  If you intend to run as root, you can set user=root in the config file to avoid this message.
2024-09-01 01:04:22,132 INFO supervisord started with pid 8
2024-09-01 01:04:23,134 INFO spawned: 'nextjs' with pid 9
2024-09-01 01:04:23,685 WARN exited: nextjs (exit status 1; not expected)
2024-09-01 01:04:24,688 INFO spawned: 'nextjs' with pid 20
2024-09-01 01:04:25,179 WARN exited: nextjs (exit status 1; not expected)
2024-09-01 01:04:27,183 INFO spawned: 'nextjs' with pid 31
2024-09-01 01:04:27,724 WARN exited: nextjs (exit status 1; not expected)
2024-09-01 01:04:30,738 INFO spawned: 'nextjs' with pid 42
2024-09-01 01:04:31,370 WARN exited: nextjs (exit status 1; not expected)
2024-09-01 01:04:32,370 INFO gave up: nextjs entered FATAL state, too many start retries too quickly
2024-09-01 01:06:42,032 CRIT Supervisor is running as root.  Privileges were not dropped because no user is specified in the config file.  If you intend to run as root, you can set user=root in the config file to avoid this message.
2024-09-01 01:06:42,038 INFO supervisord started with pid 8
2024-09-01 01:06:43,040 INFO spawned: 'nextjs' with pid 9
2024-09-01 01:06:44,042 INFO success: nextjs entered RUNNING state, process has stayed up for > than 1 seconds (startsecs)
